-- Found ament_cmake: 1.3.6 (/opt/ros/humble/share/ament_cmake/cmake)
-- Found rclcpp: 16.0.7 (/opt/ros/humble/share/rclcpp/cmake)
-- Found rosidl_generator_c: 3.1.5 (/opt/ros/humble/share/rosidl_generator_c/cmake)
-- Found rosidl_adapter: 3.1.5 (/opt/ros/humble/share/rosidl_adapter/cmake)
-- Found rosidl_generator_cpp: 3.1.5 (/opt/ros/humble/share/rosidl_generator_cpp/cmake)
-- Using all available rosidl_typesupport_c: rosidl_typesupport_fastrtps_c;rosidl_typesupport_introspection_c
-- Using all available rosidl_typesupport_cpp: rosidl_typesupport_fastrtps_cpp;rosidl_typesupport_introspection_cpp
-- Found rmw_implementation_cmake: 6.1.1 (/opt/ros/humble/share/rmw_implementation_cmake/cmake)
-- Found rmw_fastrtps_cpp: 6.2.5 (/opt/ros/humble/share/rmw_fastrtps_cpp/cmake)
-- Using RMW implementation 'rmw_fastrtps_cpp' as default
-- Found sensor_msgs: 4.9.0 (/opt/ros/humble/share/sensor_msgs/cmake)
-- Found cv_bridge: 3.2.1 (/opt/ros/humble/share/cv_bridge/cmake)
-- Found image_transport: 3.1.12 (/opt/ros/humble/share/image_transport/cmake)
-- Found ament_lint_auto: 0.12.9 (/opt/ros/humble/share/ament_lint_auto/cmake)
-- Added test 'cppcheck' to perform static code analysis on C / C++ code
-- Configured cppcheck include dirs: $<BUILD_INTERFACE:/home/yahboom/camera_ws/src/stereo_camera_pkg/include>
-- Configured cppcheck exclude dirs and/or files: 
-- Added test 'flake8' to check Python code syntax and style conventions
-- Added test 'lint_cmake' to check CMake code style
-- Added test 'pep257' to check Python code against some of the docstring style conventions in PEP 257
-- Added test 'uncrustify' to check C / C++ code style
-- Configured uncrustify additional arguments: 
-- Added test 'xmllint' to check XML markup files
-- Configuring done
-- Generating done
-- Build files have been written to: /home/yahboom/camera_ws/build/stereo_camera_pkg
[35m[1mConsolidate compiler generated dependencies of target right_camera_node[0m
[35m[1mConsolidate compiler generated dependencies of target stereo_camera_node[0m
[35m[1mConsolidate compiler generated dependencies of target left_camera_node[0m
[ 33%] [32mBuilding CXX object CMakeFiles/stereo_camera_node.dir/src/stereo_camera_node.cpp.o[0m
[ 50%] Built target right_camera_node
[ 83%] Built target left_camera_node
[01m[K/home/yahboom/camera_ws/src/stereo_camera_pkg/src/stereo_camera_node.cpp:292:59:[m[K [01;31m[Kerror: [m[Kâ€˜[01m[KSharedPtr[m[Kâ€™ in â€˜[01m[Kclass message_filters::Subscriber<sensor_msgs::msg::Image_<std::allocator<void> > >[m[Kâ€™ does not name a type
  292 |     message_filters::Subscriber<sensor_msgs::msg::Image>::[01;31m[KSharedPtr[m[K sub_left_raw_;
      |                                                           [01;31m[K^~~~~~~~~[m[K
[01m[K/home/yahboom/camera_ws/src/stereo_camera_pkg/src/stereo_camera_node.cpp:293:59:[m[K [01;31m[Kerror: [m[Kâ€˜[01m[KSharedPtr[m[Kâ€™ in â€˜[01m[Kclass message_filters::Subscriber<sensor_msgs::msg::Image_<std::allocator<void> > >[m[Kâ€™ does not name a type
  293 |     message_filters::Subscriber<sensor_msgs::msg::Image>::[01;31m[KSharedPtr[m[K sub_right_raw_;
      |                                                           [01;31m[K^~~~~~~~~[m[K
[01m[K/home/yahboom/camera_ws/src/stereo_camera_pkg/src/stereo_camera_node.cpp:294:64:[m[K [01;31m[Kerror: [m[Kâ€˜[01m[KSharedPtr[m[Kâ€™ in â€˜[01m[Kclass message_filters::Subscriber<sensor_msgs::msg::CameraInfo_<std::allocator<void> > >[m[Kâ€™ does not name a type
  294 |     message_filters::Subscriber<sensor_msgs::msg::CameraInfo>::[01;31m[KSharedPtr[m[K sub_left_info_;
      |                                                                [01;31m[K^~~~~~~~~[m[K
[01m[K/home/yahboom/camera_ws/src/stereo_camera_pkg/src/stereo_camera_node.cpp:295:64:[m[K [01;31m[Kerror: [m[Kâ€˜[01m[KSharedPtr[m[Kâ€™ in â€˜[01m[Kclass message_filters::Subscriber<sensor_msgs::msg::CameraInfo_<std::allocator<void> > >[m[Kâ€™ does not name a type
  295 |     message_filters::Subscriber<sensor_msgs::msg::CameraInfo>::[01;31m[KSharedPtr[m[K sub_right_info_;
      |                                                                [01;31m[K^~~~~~~~~[m[K
[01m[K/home/yahboom/camera_ws/src/stereo_camera_pkg/src/stereo_camera_node.cpp:296:48:[m[K [01;31m[Kerror: [m[Kâ€˜[01m[KSharedPtr[m[Kâ€™ in â€˜[01m[Kclass message_filters::Synchronizer<message_filters::sync_policies::ApproximateTime<sensor_msgs::msg::Image_<std::allocator<void> >, sensor_msgs::msg::Image_<std::allocator<void> >, sensor_msgs::msg::CameraInfo_<std::allocator<void> >, sensor_msgs::msg::CameraInfo_<std::allocator<void> > > >[m[Kâ€™ does not name a type
  296 |     message_filters::Synchronizer<SyncPolicy>::[01;31m[KSharedPtr[m[K sync_;
      |                                                [01;31m[K^~~~~~~~~[m[K
[01m[K/home/yahboom/camera_ws/src/stereo_camera_pkg/src/stereo_camera_node.cpp:[m[K In constructor â€˜[01m[KStereoCameraNode::StereoCameraNode()[m[Kâ€™:
[01m[K/home/yahboom/camera_ws/src/stereo_camera_pkg/src/stereo_camera_node.cpp:79:9:[m[K [01;31m[Kerror: [m[Kâ€˜[01m[Ksub_left_raw_[m[Kâ€™ was not declared in this scope; did you mean â€˜[01m[Kpub_left_raw_[m[Kâ€™?
   79 |         [01;31m[Ksub_left_raw_[m[K = std::make_shared<message_filters::Subscriber<sensor_msgs::msg::Image>>(this, "/left_camera/image_raw");
      |         [01;31m[K^~~~~~~~~~~~~[m[K
      |         [32m[Kpub_left_raw_[m[K
[01m[K/home/yahboom/camera_ws/src/stereo_camera_pkg/src/stereo_camera_node.cpp:80:9:[m[K [01;31m[Kerror: [m[Kâ€˜[01m[Ksub_right_raw_[m[Kâ€™ was not declared in this scope; did you mean â€˜[01m[Kpub_right_raw_[m[Kâ€™?
   80 |         [01;31m[Ksub_right_raw_[m[K = std::make_shared<message_filters::Subscriber<sensor_msgs::msg::Image>>(this, "/right_camera/image_raw");
      |         [01;31m[K^~~~~~~~~~~~~~[m[K
      |         [32m[Kpub_right_raw_[m[K
[01m[K/home/yahboom/camera_ws/src/stereo_camera_pkg/src/stereo_camera_node.cpp:81:9:[m[K [01;31m[Kerror: [m[Kâ€˜[01m[Ksub_left_info_[m[Kâ€™ was not declared in this scope; did you mean â€˜[01m[Kpub_left_info_[m[Kâ€™?
   81 |         [01;31m[Ksub_left_info_[m[K = std::make_shared<message_filters::Subscriber<sensor_msgs::msg::CameraInfo>>(this, "/left_camera/camera_info");
      |         [01;31m[K^~~~~~~~~~~~~~[m[K
      |         [32m[Kpub_left_info_[m[K
[01m[K/home/yahboom/camera_ws/src/stereo_camera_pkg/src/stereo_camera_node.cpp:82:9:[m[K [01;31m[Kerror: [m[Kâ€˜[01m[Ksub_right_info_[m[Kâ€™ was not declared in this scope; did you mean â€˜[01m[Kpub_right_info_[m[Kâ€™?
   82 |         [01;31m[Ksub_right_info_[m[K = std::make_shared<message_filters::Subscriber<sensor_msgs::msg::CameraInfo>>(this, "/right_camera/camera_info");
      |         [01;31m[K^~~~~~~~~~~~~~~[m[K
      |         [32m[Kpub_right_info_[m[K
[01m[K/home/yahboom/camera_ws/src/stereo_camera_pkg/src/stereo_camera_node.cpp:85:9:[m[K [01;31m[Kerror: [m[Kâ€˜[01m[Ksync_[m[Kâ€™ was not declared in this scope; did you mean â€˜[01m[Ksync[m[Kâ€™?
   85 |         [01;31m[Ksync_[m[K = std::make_shared<message_filters::Synchronizer<SyncPolicy>>(
      |         [01;31m[K^~~~~[m[K
      |         [32m[Ksync[m[K
In file included from [01m[K/opt/ros/humble/include/rclcpp/rclcpp/logging.hpp:24[m[K,
                 from [01m[K/opt/ros/humble/include/rclcpp/rclcpp/client.hpp:40[m[K,
                 from [01m[K/opt/ros/humble/include/rclcpp/rclcpp/callback_group.hpp:24[m[K,
                 from [01m[K/opt/ros/humble/include/rclcpp/rclcpp/any_executable.hpp:20[m[K,
                 from [01m[K/opt/ros/humble/include/rclcpp/rclcpp/memory_strategy.hpp:25[m[K,
                 from [01m[K/opt/ros/humble/include/rclcpp/rclcpp/memory_strategies.hpp:18[m[K,
                 from [01m[K/opt/ros/humble/include/rclcpp/rclcpp/executor_options.hpp:20[m[K,
                 from [01m[K/opt/ros/humble/include/rclcpp/rclcpp/executor.hpp:37[m[K,
                 from [01m[K/opt/ros/humble/include/rclcpp/rclcpp/executors/multi_threaded_executor.hpp:25[m[K,
                 from [01m[K/opt/ros/humble/include/rclcpp/rclcpp/executors.hpp:21[m[K,
                 from [01m[K/opt/ros/humble/include/rclcpp/rclcpp/rclcpp.hpp:155[m[K,
                 from [01m[K/home/yahboom/camera_ws/src/stereo_camera_pkg/src/stereo_camera_node.cpp:1[m[K:
[01m[K/home/yahboom/camera_ws/src/stereo_camera_pkg/src/stereo_camera_node.cpp:[m[K In member function â€˜[01m[Kvoid StereoCameraNode::sync_callback(const ConstSharedPtr&, const ConstSharedPtr&, const ConstSharedPtr&, const ConstSharedPtr&)[m[Kâ€™:
[01m[K/home/yahboom/camera_ws/src/stereo_camera_pkg/src/stereo_camera_node.cpp:261:13:[m[K [01;35m[Kwarning: [m[Kformat â€˜[01m[K%ld[m[Kâ€™ expects argument of type â€˜[01m[Klong int[m[Kâ€™, but argument 5 has type â€˜[01m[Kint[m[Kâ€™ [[01;35m[K]8;;https://gcc.gnu.org/onlinedocs/gcc/Warning-Options.html#index-Wformat=-Wformat=]8;;[m[K]
  261 |             [01;35m[K"Sync success! Timestamp: %ld.%09ld"[m[K,
      |             [01;35m[K^~~~~~~~~~~~~~~~~~~~~~~~~~~~~~~~~~~~[m[K
  262 |             [32m[Kleft_img->header.stamp.sec[m[K, left_img->header.stamp.nanosec);
      |             [32m[K~~~~~~~~~~~~~~~~~~~~~~~~~~[m[K
      |                                    [32m[K|[m[K
      |                                    [32m[Kint[m[K
[01m[K/home/yahboom/camera_ws/src/stereo_camera_pkg/src/stereo_camera_node.cpp:261:41:[m[K [01;36m[Knote: [m[Kformat string is defined here
  261 |             "Sync success! Timestamp: [01;36m[K%ld[m[K.%09ld",
      |                                       [01;36m[K~~^[m[K
      |                                         [01;36m[K|[m[K
      |                                         [01;36m[Klong int[m[K
      |                                       [32m[K%d[m[K
In file included from [01m[K/opt/ros/humble/include/rclcpp/rclcpp/logging.hpp:24[m[K,
                 from [01m[K/opt/ros/humble/include/rclcpp/rclcpp/client.hpp:40[m[K,
                 from [01m[K/opt/ros/humble/include/rclcpp/rclcpp/callback_group.hpp:24[m[K,
                 from [01m[K/opt/ros/humble/include/rclcpp/rclcpp/any_executable.hpp:20[m[K,
                 from [01m[K/opt/ros/humble/include/rclcpp/rclcpp/memory_strategy.hpp:25[m[K,
                 from [01m[K/opt/ros/humble/include/rclcpp/rclcpp/memory_strategies.hpp:18[m[K,
                 from [01m[K/opt/ros/humble/include/rclcpp/rclcpp/executor_options.hpp:20[m[K,
                 from [01m[K/opt/ros/humble/include/rclcpp/rclcpp/executor.hpp:37[m[K,
                 from [01m[K/opt/ros/humble/include/rclcpp/rclcpp/executors/multi_threaded_executor.hpp:25[m[K,
                 from [01m[K/opt/ros/humble/include/rclcpp/rclcpp/executors.hpp:21[m[K,
                 from [01m[K/opt/ros/humble/include/rclcpp/rclcpp/rclcpp.hpp:155[m[K,
                 from [01m[K/home/yahboom/camera_ws/src/stereo_camera_pkg/src/stereo_camera_node.cpp:1[m[K:
[01m[K/home/yahboom/camera_ws/src/stereo_camera_pkg/src/stereo_camera_node.cpp:261:13:[m[K [01;35m[Kwarning: [m[Kformat â€˜[01m[K%ld[m[Kâ€™ expects argument of type â€˜[01m[Klong int[m[Kâ€™, but argument 6 has type â€˜[01m[Kunsigned int[m[Kâ€™ [[01;35m[K]8;;https://gcc.gnu.org/onlinedocs/gcc/Warning-Options.html#index-Wformat=-Wformat=]8;;[m[K]
  261 |             [01;35m[K"Sync success! Timestamp: %ld.%09ld"[m[K,
      |             [01;35m[K^~~~~~~~~~~~~~~~~~~~~~~~~~~~~~~~~~~~[m[K
  262 |             left_img->header.stamp.sec, [32m[Kleft_img->header.stamp.nanosec[m[K);
      |                                         [32m[K~~~~~~~~~~~~~~~~~~~~~~~~~~~~~~[m[K
      |                                                                [32m[K|[m[K
      |                                                                [32m[Kunsigned int[m[K
[01m[K/home/yahboom/camera_ws/src/stereo_camera_pkg/src/stereo_camera_node.cpp:261:47:[m[K [01;36m[Knote: [m[Kformat string is defined here
  261 |             "Sync success! Timestamp: %ld.[01;36m[K%09ld[m[K",
      |                                           [01;36m[K~~~~^[m[K
      |                                               [01;36m[K|[m[K
      |                                               [01;36m[Klong int[m[K
      |                                           [32m[K%09d[m[K
gmake[2]: *** [CMakeFiles/stereo_camera_node.dir/build.make:76: CMakeFiles/stereo_camera_node.dir/src/stereo_camera_node.cpp.o] Error 1
gmake[1]: *** [CMakeFiles/Makefile2:141: CMakeFiles/stereo_camera_node.dir/all] Error 2
gmake: *** [Makefile:146: all] Error 2
